<?xml version="1.0" encoding="UTF-8" ?>
<testsuite failures="0" time="0.174" errors="6" skipped="0" tests="6" name="se.fkarbing.spring.mvc.web.controller.MyModelControllerTest">
  <properties>
    <property name="java.runtime.name" value="Java(TM) SE Runtime Environment"/>
    <property name="sun.boot.library.path" value="/Library/Java/JavaVirtualMachines/jdk1.7.0_07.jdk/Contents/Home/jre/lib"/>
    <property name="java.vm.version" value="23.3-b01"/>
    <property name="user.country.format" value="SE"/>
    <property name="gopherProxySet" value="false"/>
    <property name="java.vm.vendor" value="Oracle Corporation"/>
    <property name="java.vendor.url" value="http://java.oracle.com/"/>
    <property name="path.separator" value=":"/>
    <property name="guice.disable.misplaced.annotation.check" value="true"/>
    <property name="java.vm.name" value="Java HotSpot(TM) 64-Bit Server VM"/>
    <property name="file.encoding.pkg" value="sun.io"/>
    <property name="user.country" value="US"/>
    <property name="sun.java.launcher" value="SUN_STANDARD"/>
    <property name="sun.os.patch.level" value="unknown"/>
    <property name="java.vm.specification.name" value="Java Virtual Machine Specification"/>
    <property name="user.dir" value="/Users/fredrik/02_programming/12b_spring_projects/contacts-mvc-proj/contacts-spring-mvc"/>
    <property name="java.runtime.version" value="1.7.0_07-b10"/>
    <property name="java.awt.graphicsenv" value="sun.awt.CGraphicsEnvironment"/>
    <property name="java.endorsed.dirs" value="/Library/Java/JavaVirtualMachines/jdk1.7.0_07.jdk/Contents/Home/jre/lib/endorsed"/>
    <property name="os.arch" value="x86_64"/>
    <property name="java.io.tmpdir" value="/var/folders/c2/5_g54hdn6vv7v4dpd1k13w400000gn/T/"/>
    <property name="line.separator" value="
"/>
    <property name="java.vm.specification.vendor" value="Oracle Corporation"/>
    <property name="os.name" value="Mac OS X"/>
    <property name="classworlds.conf" value="/Users/fredrik/02_programming/12a_workspace-sts-3.1.0.RELEASE/.metadata/.plugins/org.eclipse.m2e.core/launches/m2conf6860800216416117427.tmp"/>
    <property name="sun.jnu.encoding" value="US-ASCII"/>
    <property name="java.library.path" value="/Users/fredrik/Library/Java/Extensions:/Library/Java/Extensions:/Network/Library/Java/Extensions:/System/Library/Java/Extensions:/usr/lib/java:."/>
    <property name="java.specification.name" value="Java Platform API Specification"/>
    <property name="java.class.version" value="51.0"/>
    <property name="sun.management.compiler" value="HotSpot 64-Bit Tiered Compilers"/>
    <property name="os.version" value="10.8.2"/>
    <property name="http.nonProxyHosts" value="local|*.local|169.254/16|*.169.254/16"/>
    <property name="user.home" value="/Users/fredrik"/>
    <property name="user.timezone" value="Europe/Stockholm"/>
    <property name="java.awt.printerjob" value="sun.lwawt.macosx.CPrinterJob"/>
    <property name="java.specification.version" value="1.7"/>
    <property name="file.encoding" value="UTF-8"/>
    <property name="user.name" value="fredrik"/>
    <property name="java.class.path" value="/Users/fredrik/02_programming/12_springsource/sts-3.1.0.RELEASE/configuration/org.eclipse.osgi/bundles/572/1/.cp/jars/plexus-classworlds-2.4.jar"/>
    <property name="java.vm.specification.version" value="1.7"/>
    <property name="sun.arch.data.model" value="64"/>
    <property name="java.home" value="/Library/Java/JavaVirtualMachines/jdk1.7.0_07.jdk/Contents/Home/jre"/>
    <property name="sun.java.command" value="org.codehaus.plexus.classworlds.launcher.Launcher -B test"/>
    <property name="java.specification.vendor" value="Oracle Corporation"/>
    <property name="user.language" value="en"/>
    <property name="awt.toolkit" value="sun.lwawt.macosx.LWCToolkit"/>
    <property name="java.vm.info" value="mixed mode"/>
    <property name="java.version" value="1.7.0_07"/>
    <property name="java.ext.dirs" value="/Users/fredrik/Library/Java/Extensions:/Library/Java/JavaVirtualMachines/jdk1.7.0_07.jdk/Contents/Home/jre/lib/ext:/Library/Java/Extensions:/Network/Library/Java/Extensions:/System/Library/Java/Extensions:/usr/lib/java"/>
    <property name="sun.boot.class.path" value="/Library/Java/JavaVirtualMachines/jdk1.7.0_07.jdk/Contents/Home/jre/lib/resources.jar:/Library/Java/JavaVirtualMachines/jdk1.7.0_07.jdk/Contents/Home/jre/lib/rt.jar:/Library/Java/JavaVirtualMachines/jdk1.7.0_07.jdk/Contents/Home/jre/lib/sunrsasign.jar:/Library/Java/JavaVirtualMachines/jdk1.7.0_07.jdk/Contents/Home/jre/lib/jsse.jar:/Library/Java/JavaVirtualMachines/jdk1.7.0_07.jdk/Contents/Home/jre/lib/jce.jar:/Library/Java/JavaVirtualMachines/jdk1.7.0_07.jdk/Contents/Home/jre/lib/charsets.jar:/Library/Java/JavaVirtualMachines/jdk1.7.0_07.jdk/Contents/Home/jre/lib/jfr.jar:/Library/Java/JavaVirtualMachines/jdk1.7.0_07.jdk/Contents/Home/jre/lib/JObjC.jar:/Library/Java/JavaVirtualMachines/jdk1.7.0_07.jdk/Contents/Home/jre/classes"/>
    <property name="java.vendor" value="Oracle Corporation"/>
    <property name="maven.home" value="/Users/fredrik/02_programming/12b_spring_projects/contacts-mvc-proj/contacts-spring-mvc/EMBEDDED"/>
    <property name="file.separator" value="/"/>
    <property name="java.vendor.url.bug" value="http://bugreport.sun.com/bugreport/"/>
    <property name="sun.cpu.endian" value="little"/>
    <property name="sun.io.unicode.encoding" value="UnicodeBig"/>
    <property name="socksNonProxyHosts" value="local|*.local|169.254/16|*.169.254/16"/>
    <property name="ftp.nonProxyHosts" value="local|*.local|169.254/16|*.169.254/16"/>
    <property name="sun.cpu.isalist" value=""/>
  </properties>
  <testcase time="0.044" classname="se.fkarbing.spring.mvc.web.controller.MyModelControllerTest" name="testFetch">
    <error type="java.lang.NullPointerException">java.lang.NullPointerException
	at se.fkarbing.spring.mvc.core.controller.XSimpleMvcController.handleCreate(XSimpleMvcController.java:28)
	at se.fkarbing.spring.mvc.web.controller.MyModelController.create(MyModelController.java:55)
	at se.fkarbing.spring.mvc.web.controller.MyModelControllerTest.before(MyModelControllerTest.java:43)
	at sun.reflect.NativeMethodAccessorImpl.invoke0(Native Method)
	at sun.reflect.NativeMethodAccessorImpl.invoke(NativeMethodAccessorImpl.java:57)
	at sun.reflect.DelegatingMethodAccessorImpl.invoke(DelegatingMethodAccessorImpl.java:43)
	at java.lang.reflect.Method.invoke(Method.java:601)
	at org.junit.runners.model.FrameworkMethod$1.runReflectiveCall(FrameworkMethod.java:45)
	at org.junit.internal.runners.model.ReflectiveCallable.run(ReflectiveCallable.java:15)
	at org.junit.runners.model.FrameworkMethod.invokeExplosively(FrameworkMethod.java:42)
	at org.junit.internal.runners.statements.RunBefores.evaluate(RunBefores.java:27)
	at org.springframework.test.context.junit4.statements.RunBeforeTestMethodCallbacks.evaluate(RunBeforeTestMethodCallbacks.java:74)
	at org.springframework.test.context.junit4.statements.RunAfterTestMethodCallbacks.evaluate(RunAfterTestMethodCallbacks.java:83)
	at org.springframework.test.context.junit4.statements.SpringRepeat.evaluate(SpringRepeat.java:72)
	at org.springframework.test.context.junit4.SpringJUnit4ClassRunner.runChild(SpringJUnit4ClassRunner.java:231)
	at org.springframework.test.context.junit4.SpringJUnit4ClassRunner.runChild(SpringJUnit4ClassRunner.java:88)
	at org.junit.runners.ParentRunner$3.run(ParentRunner.java:231)
	at org.junit.runners.ParentRunner$1.schedule(ParentRunner.java:60)
	at org.junit.runners.ParentRunner.runChildren(ParentRunner.java:229)
	at org.junit.runners.ParentRunner.access$000(ParentRunner.java:50)
	at org.junit.runners.ParentRunner$2.evaluate(ParentRunner.java:222)
	at org.springframework.test.context.junit4.statements.RunBeforeTestClassCallbacks.evaluate(RunBeforeTestClassCallbacks.java:61)
	at org.springframework.test.context.junit4.statements.RunAfterTestClassCallbacks.evaluate(RunAfterTestClassCallbacks.java:71)
	at org.junit.runners.ParentRunner.run(ParentRunner.java:300)
	at org.springframework.test.context.junit4.SpringJUnit4ClassRunner.run(SpringJUnit4ClassRunner.java:174)
	at org.apache.maven.surefire.junit4.JUnit4TestSet.execute(JUnit4TestSet.java:53)
	at org.apache.maven.surefire.junit4.JUnit4Provider.executeTestSet(JUnit4Provider.java:123)
	at org.apache.maven.surefire.junit4.JUnit4Provider.invoke(JUnit4Provider.java:104)
	at sun.reflect.NativeMethodAccessorImpl.invoke0(Native Method)
	at sun.reflect.NativeMethodAccessorImpl.invoke(NativeMethodAccessorImpl.java:57)
	at sun.reflect.DelegatingMethodAccessorImpl.invoke(DelegatingMethodAccessorImpl.java:43)
	at java.lang.reflect.Method.invoke(Method.java:601)
	at org.apache.maven.surefire.util.ReflectionUtils.invokeMethodWithArray(ReflectionUtils.java:164)
	at org.apache.maven.surefire.booter.ProviderFactory$ProviderProxy.invoke(ProviderFactory.java:110)
	at org.apache.maven.surefire.booter.SurefireStarter.invokeProvider(SurefireStarter.java:175)
	at org.apache.maven.surefire.booter.SurefireStarter.runSuitesInProcessWhenForked(SurefireStarter.java:107)
	at org.apache.maven.surefire.booter.ForkedBooter.main(ForkedBooter.java:68)
</error>
    <system-out>INFO : org.springframework.context.support.GenericApplicationContext - Refreshing org.springframework.context.support.GenericApplicationContext@1cb953b3: startup date [Thu Dec 06 15:47:52 CET 2012]; root of context hierarchy
INFO : org.springframework.beans.factory.annotation.AutowiredAnnotationBeanPostProcessor - JSR-330 &apos;javax.inject.Inject&apos; annotation found and supported for autowiring
INFO : org.springframework.beans.factory.support.DefaultListableBeanFactory - Pre-instantiating singletons in org.springframework.beans.factory.support.DefaultListableBeanFactory@32d7970b: defining beans [org.springframework.context.annotation.internalConfigurationAnnotationProcessor,org.springframework.context.annotation.internalAutowiredAnnotationProcessor,org.springframework.context.annotation.internalRequiredAnnotationProcessor,org.springframework.context.annotation.internalCommonAnnotationProcessor,myModelContextWebConfig,org.springframework.context.annotation.ConfigurationClassPostProcessor.importAwareProcessor,myModelController,consultantSkillRepository,companyRepository,locationRepository,consultantRepository,myModelRepository,riakPbcClient,idManager,riakIdManager]; root of factory hierarchy
INFO : se.fkarbing.riak.client.RiakRepository - &lt;&lt;&lt; RiakRepository()
INFO : se.fkarbing.spring.mvc.web.MyModelContextWebConfig$$EnhancerByCGLIB$$a3de7bba - ### AppContextCommonConfig: riakPbcClient...
INFO : se.fkarbing.spring.mvc.web.MyModelContextWebConfig$$EnhancerByCGLIB$$a3de7bba - ### AppContextCommonConfig: riakIdManager...
INFO : se.fkarbing.riak.client.RiakRepository - &lt;&lt;&lt; RiakRepository()
INFO : se.fkarbing.riak.client.RiakRepository - &lt;&lt;&lt; RiakRepository()
INFO : se.fkarbing.riak.client.RiakRepository - &lt;&lt;&lt; RiakRepository()
INFO : se.fkarbing.riak.client.RiakRepository - &lt;&lt;&lt; RiakRepository()
INFO : se.fkarbing.spring.mvc.web.MyModelContextWebConfig$$EnhancerByCGLIB$$a3de7bba - ### AppContextCommonConfig: idManager...
INFO : se.fkarbing.spring.mvc.web.controller.MyModelController - &gt;&gt;&gt; create()... model: se.fkarbing.spring.mvc.common.model.MyModel@161fd466[name=Fredrik Karbing,key=&lt;null&gt;,id=&lt;null&gt;]
INFO : se.fkarbing.spring.mvc.web.controller.MyModelController - req url: http://localhost:80/mymodels
&gt;&gt;&gt; RiakModelIdManager...
DEBUG: se.fkarbing.spring.mvc.core.repository.RiakModelIdManager - Model ID injected: se.fkarbing.spring.mvc.common.model.MyModel@161fd466[name=Fredrik Karbing,key=c2fc9989-895a-4791-9304-aca2301f5bb2,id=c2fc9989-895a-4791-9304-aca2301f5bb2]
INFO : org.springframework.context.support.GenericApplicationContext - Closing org.springframework.context.support.GenericApplicationContext@1cb953b3: startup date [Thu Dec 06 15:47:52 CET 2012]; root of context hierarchy
INFO : org.springframework.beans.factory.support.DefaultListableBeanFactory - Destroying singletons in org.springframework.beans.factory.support.DefaultListableBeanFactory@32d7970b: defining beans [org.springframework.context.annotation.internalConfigurationAnnotationProcessor,org.springframework.context.annotation.internalAutowiredAnnotationProcessor,org.springframework.context.annotation.internalRequiredAnnotationProcessor,org.springframework.context.annotation.internalCommonAnnotationProcessor,myModelContextWebConfig,org.springframework.context.annotation.ConfigurationClassPostProcessor.importAwareProcessor,myModelController,consultantSkillRepository,companyRepository,locationRepository,consultantRepository,myModelRepository,riakPbcClient,idManager,riakIdManager]; root of factory hierarchy
</system-out>
    <system-err>com.basho.riak.client.RiakRetryFailedException: java.net.ConnectException: Connection refused
	at com.basho.riak.client.cap.DefaultRetrier.attempt(DefaultRetrier.java:79)
	at com.basho.riak.client.cap.DefaultRetrier.attempt(DefaultRetrier.java:81)
	at com.basho.riak.client.cap.DefaultRetrier.attempt(DefaultRetrier.java:81)
	at com.basho.riak.client.cap.DefaultRetrier.attempt(DefaultRetrier.java:81)
	at com.basho.riak.client.cap.DefaultRetrier.attempt(DefaultRetrier.java:53)
	at com.basho.riak.client.bucket.WriteBucket.execute(WriteBucket.java:104)
	at se.fkarbing.riak.client.RiakRepository.store(RiakRepository.java:107)
	at se.fkarbing.spring.mvc.core.controller.XSimpleMvcController.handleCreate(XSimpleMvcController.java:27)
	at se.fkarbing.spring.mvc.web.controller.MyModelController.create(MyModelController.java:55)
	at se.fkarbing.spring.mvc.web.controller.MyModelControllerTest.before(MyModelControllerTest.java:43)
	at sun.reflect.NativeMethodAccessorImpl.invoke0(Native Method)
	at sun.reflect.NativeMethodAccessorImpl.invoke(NativeMethodAccessorImpl.java:57)
	at sun.reflect.DelegatingMethodAccessorImpl.invoke(DelegatingMethodAccessorImpl.java:43)
	at java.lang.reflect.Method.invoke(Method.java:601)
	at org.junit.runners.model.FrameworkMethod$1.runReflectiveCall(FrameworkMethod.java:45)
	at org.junit.internal.runners.model.ReflectiveCallable.run(ReflectiveCallable.java:15)
	at org.junit.runners.model.FrameworkMethod.invokeExplosively(FrameworkMethod.java:42)
	at org.junit.internal.runners.statements.RunBefores.evaluate(RunBefores.java:27)
	at org.springframework.test.context.junit4.statements.RunBeforeTestMethodCallbacks.evaluate(RunBeforeTestMethodCallbacks.java:74)
	at org.springframework.test.context.junit4.statements.RunAfterTestMethodCallbacks.evaluate(RunAfterTestMethodCallbacks.java:83)
	at org.springframework.test.context.junit4.statements.SpringRepeat.evaluate(SpringRepeat.java:72)
	at org.springframework.test.context.junit4.SpringJUnit4ClassRunner.runChild(SpringJUnit4ClassRunner.java:231)
	at org.springframework.test.context.junit4.SpringJUnit4ClassRunner.runChild(SpringJUnit4ClassRunner.java:88)
	at org.junit.runners.ParentRunner$3.run(ParentRunner.java:231)
	at org.junit.runners.ParentRunner$1.schedule(ParentRunner.java:60)
	at org.junit.runners.ParentRunner.runChildren(ParentRunner.java:229)
	at org.junit.runners.ParentRunner.access$000(ParentRunner.java:50)
	at org.junit.runners.ParentRunner$2.evaluate(ParentRunner.java:222)
	at org.springframework.test.context.junit4.statements.RunBeforeTestClassCallbacks.evaluate(RunBeforeTestClassCallbacks.java:61)
	at org.springframework.test.context.junit4.statements.RunAfterTestClassCallbacks.evaluate(RunAfterTestClassCallbacks.java:71)
	at org.junit.runners.ParentRunner.run(ParentRunner.java:300)
	at org.springframework.test.context.junit4.SpringJUnit4ClassRunner.run(SpringJUnit4ClassRunner.java:174)
	at org.apache.maven.surefire.junit4.JUnit4TestSet.execute(JUnit4TestSet.java:53)
	at org.apache.maven.surefire.junit4.JUnit4Provider.executeTestSet(JUnit4Provider.java:123)
	at org.apache.maven.surefire.junit4.JUnit4Provider.invoke(JUnit4Provider.java:104)
	at sun.reflect.NativeMethodAccessorImpl.invoke0(Native Method)
	at sun.reflect.NativeMethodAccessorImpl.invoke(NativeMethodAccessorImpl.java:57)
	at sun.reflect.DelegatingMethodAccessorImpl.invoke(DelegatingMethodAccessorImpl.java:43)
	at java.lang.reflect.Method.invoke(Method.java:601)
	at org.apache.maven.surefire.util.ReflectionUtils.invokeMethodWithArray(ReflectionUtils.java:164)
	at org.apache.maven.surefire.booter.ProviderFactory$ProviderProxy.invoke(ProviderFactory.java:110)
	at org.apache.maven.surefire.booter.SurefireStarter.invokeProvider(SurefireStarter.java:175)
	at org.apache.maven.surefire.booter.SurefireStarter.runSuitesInProcessWhenForked(SurefireStarter.java:107)
	at org.apache.maven.surefire.booter.ForkedBooter.main(ForkedBooter.java:68)
Caused by: java.net.ConnectException: Connection refused
	at java.net.PlainSocketImpl.socketConnect(Native Method)
	at java.net.AbstractPlainSocketImpl.doConnect(AbstractPlainSocketImpl.java:339)
	at java.net.AbstractPlainSocketImpl.connectToAddress(AbstractPlainSocketImpl.java:200)
	at java.net.AbstractPlainSocketImpl.connect(AbstractPlainSocketImpl.java:182)
	at java.net.SocksSocketImpl.connect(SocksSocketImpl.java:391)
	at java.net.Socket.connect(Socket.java:579)
	at com.basho.riak.pbc.RiakConnection.&lt;init&gt;(RiakConnection.java:68)
	at com.basho.riak.pbc.RiakConnection.&lt;init&gt;(RiakConnection.java:51)
	at com.basho.riak.pbc.RiakConnectionPool.createConnection(RiakConnectionPool.java:392)
	at com.basho.riak.pbc.RiakConnectionPool.getConnection(RiakConnectionPool.java:376)
	at com.basho.riak.pbc.RiakConnectionPool.doGetConection(RiakConnectionPool.java:328)
	at com.basho.riak.pbc.RiakConnectionPool.access$400(RiakConnectionPool.java:41)
	at com.basho.riak.pbc.RiakConnectionPool$State$2.getConnection(RiakConnectionPool.java:71)
	at com.basho.riak.pbc.RiakConnectionPool.getConnection(RiakConnectionPool.java:324)
	at com.basho.riak.pbc.RiakClient.getConnection(RiakClient.java:101)
	at com.basho.riak.pbc.RiakClient.setBucketProperties(RiakClient.java:545)
	at com.basho.riak.client.raw.pbc.PBClientAdapter.updateBucket(PBClientAdapter.java:267)
	at com.basho.riak.client.bucket.WriteBucket$1.call(WriteBucket.java:106)
	at com.basho.riak.client.bucket.WriteBucket$1.call(WriteBucket.java:104)
	at com.basho.riak.client.cap.DefaultRetrier.attempt(DefaultRetrier.java:72)
	... 43 more
</system-err>
  </testcase>
  <testcase time="0.021" classname="se.fkarbing.spring.mvc.web.controller.MyModelControllerTest" name="testFetchAll">
    <error type="java.lang.NullPointerException">java.lang.NullPointerException
	at se.fkarbing.spring.mvc.core.controller.XSimpleMvcController.handleCreate(XSimpleMvcController.java:28)
	at se.fkarbing.spring.mvc.web.controller.MyModelController.create(MyModelController.java:55)
	at se.fkarbing.spring.mvc.web.controller.MyModelControllerTest.before(MyModelControllerTest.java:43)
	at sun.reflect.NativeMethodAccessorImpl.invoke0(Native Method)
	at sun.reflect.NativeMethodAccessorImpl.invoke(NativeMethodAccessorImpl.java:57)
	at sun.reflect.DelegatingMethodAccessorImpl.invoke(DelegatingMethodAccessorImpl.java:43)
	at java.lang.reflect.Method.invoke(Method.java:601)
	at org.junit.runners.model.FrameworkMethod$1.runReflectiveCall(FrameworkMethod.java:45)
	at org.junit.internal.runners.model.ReflectiveCallable.run(ReflectiveCallable.java:15)
	at org.junit.runners.model.FrameworkMethod.invokeExplosively(FrameworkMethod.java:42)
	at org.junit.internal.runners.statements.RunBefores.evaluate(RunBefores.java:27)
	at org.springframework.test.context.junit4.statements.RunBeforeTestMethodCallbacks.evaluate(RunBeforeTestMethodCallbacks.java:74)
	at org.springframework.test.context.junit4.statements.RunAfterTestMethodCallbacks.evaluate(RunAfterTestMethodCallbacks.java:83)
	at org.springframework.test.context.junit4.statements.SpringRepeat.evaluate(SpringRepeat.java:72)
	at org.springframework.test.context.junit4.SpringJUnit4ClassRunner.runChild(SpringJUnit4ClassRunner.java:231)
	at org.springframework.test.context.junit4.SpringJUnit4ClassRunner.runChild(SpringJUnit4ClassRunner.java:88)
	at org.junit.runners.ParentRunner$3.run(ParentRunner.java:231)
	at org.junit.runners.ParentRunner$1.schedule(ParentRunner.java:60)
	at org.junit.runners.ParentRunner.runChildren(ParentRunner.java:229)
	at org.junit.runners.ParentRunner.access$000(ParentRunner.java:50)
	at org.junit.runners.ParentRunner$2.evaluate(ParentRunner.java:222)
	at org.springframework.test.context.junit4.statements.RunBeforeTestClassCallbacks.evaluate(RunBeforeTestClassCallbacks.java:61)
	at org.springframework.test.context.junit4.statements.RunAfterTestClassCallbacks.evaluate(RunAfterTestClassCallbacks.java:71)
	at org.junit.runners.ParentRunner.run(ParentRunner.java:300)
	at org.springframework.test.context.junit4.SpringJUnit4ClassRunner.run(SpringJUnit4ClassRunner.java:174)
	at org.apache.maven.surefire.junit4.JUnit4TestSet.execute(JUnit4TestSet.java:53)
	at org.apache.maven.surefire.junit4.JUnit4Provider.executeTestSet(JUnit4Provider.java:123)
	at org.apache.maven.surefire.junit4.JUnit4Provider.invoke(JUnit4Provider.java:104)
	at sun.reflect.NativeMethodAccessorImpl.invoke0(Native Method)
	at sun.reflect.NativeMethodAccessorImpl.invoke(NativeMethodAccessorImpl.java:57)
	at sun.reflect.DelegatingMethodAccessorImpl.invoke(DelegatingMethodAccessorImpl.java:43)
	at java.lang.reflect.Method.invoke(Method.java:601)
	at org.apache.maven.surefire.util.ReflectionUtils.invokeMethodWithArray(ReflectionUtils.java:164)
	at org.apache.maven.surefire.booter.ProviderFactory$ProviderProxy.invoke(ProviderFactory.java:110)
	at org.apache.maven.surefire.booter.SurefireStarter.invokeProvider(SurefireStarter.java:175)
	at org.apache.maven.surefire.booter.SurefireStarter.runSuitesInProcessWhenForked(SurefireStarter.java:107)
	at org.apache.maven.surefire.booter.ForkedBooter.main(ForkedBooter.java:68)
</error>
    <system-out>INFO : org.springframework.context.support.GenericApplicationContext - Refreshing org.springframework.context.support.GenericApplicationContext@71715816: startup date [Thu Dec 06 15:47:52 CET 2012]; root of context hierarchy
INFO : org.springframework.beans.factory.annotation.AutowiredAnnotationBeanPostProcessor - JSR-330 &apos;javax.inject.Inject&apos; annotation found and supported for autowiring
INFO : org.springframework.beans.factory.support.DefaultListableBeanFactory - Pre-instantiating singletons in org.springframework.beans.factory.support.DefaultListableBeanFactory@af8f175: defining beans [org.springframework.context.annotation.internalConfigurationAnnotationProcessor,org.springframework.context.annotation.internalAutowiredAnnotationProcessor,org.springframework.context.annotation.internalRequiredAnnotationProcessor,org.springframework.context.annotation.internalCommonAnnotationProcessor,myModelContextWebConfig,org.springframework.context.annotation.ConfigurationClassPostProcessor.importAwareProcessor,myModelController,consultantSkillRepository,companyRepository,locationRepository,consultantRepository,myModelRepository,riakPbcClient,idManager,riakIdManager]; root of factory hierarchy
INFO : se.fkarbing.riak.client.RiakRepository - &lt;&lt;&lt; RiakRepository()
INFO : se.fkarbing.spring.mvc.web.MyModelContextWebConfig$$EnhancerByCGLIB$$a3de7bba - ### AppContextCommonConfig: riakPbcClient...
INFO : se.fkarbing.spring.mvc.web.MyModelContextWebConfig$$EnhancerByCGLIB$$a3de7bba - ### AppContextCommonConfig: riakIdManager...
INFO : se.fkarbing.riak.client.RiakRepository - &lt;&lt;&lt; RiakRepository()
INFO : se.fkarbing.riak.client.RiakRepository - &lt;&lt;&lt; RiakRepository()
INFO : se.fkarbing.riak.client.RiakRepository - &lt;&lt;&lt; RiakRepository()
INFO : se.fkarbing.riak.client.RiakRepository - &lt;&lt;&lt; RiakRepository()
INFO : se.fkarbing.spring.mvc.web.MyModelContextWebConfig$$EnhancerByCGLIB$$a3de7bba - ### AppContextCommonConfig: idManager...
INFO : se.fkarbing.spring.mvc.web.controller.MyModelController - &gt;&gt;&gt; create()... model: se.fkarbing.spring.mvc.common.model.MyModel@1e32728a[name=Fredrik Karbing,key=&lt;null&gt;,id=&lt;null&gt;]
INFO : se.fkarbing.spring.mvc.web.controller.MyModelController - req url: http://localhost:80/mymodels
&gt;&gt;&gt; RiakModelIdManager...
DEBUG: se.fkarbing.spring.mvc.core.repository.RiakModelIdManager - Model ID injected: se.fkarbing.spring.mvc.common.model.MyModel@1e32728a[name=Fredrik Karbing,key=ec2fb419-ee8e-4436-bdea-30bb2a7d3cf9,id=ec2fb419-ee8e-4436-bdea-30bb2a7d3cf9]
INFO : org.springframework.context.support.GenericApplicationContext - Closing org.springframework.context.support.GenericApplicationContext@71715816: startup date [Thu Dec 06 15:47:52 CET 2012]; root of context hierarchy
INFO : org.springframework.beans.factory.support.DefaultListableBeanFactory - Destroying singletons in org.springframework.beans.factory.support.DefaultListableBeanFactory@af8f175: defining beans [org.springframework.context.annotation.internalConfigurationAnnotationProcessor,org.springframework.context.annotation.internalAutowiredAnnotationProcessor,org.springframework.context.annotation.internalRequiredAnnotationProcessor,org.springframework.context.annotation.internalCommonAnnotationProcessor,myModelContextWebConfig,org.springframework.context.annotation.ConfigurationClassPostProcessor.importAwareProcessor,myModelController,consultantSkillRepository,companyRepository,locationRepository,consultantRepository,myModelRepository,riakPbcClient,idManager,riakIdManager]; root of factory hierarchy
</system-out>
    <system-err>com.basho.riak.client.RiakRetryFailedException: java.net.ConnectException: Connection refused
	at com.basho.riak.client.cap.DefaultRetrier.attempt(DefaultRetrier.java:79)
	at com.basho.riak.client.cap.DefaultRetrier.attempt(DefaultRetrier.java:81)
	at com.basho.riak.client.cap.DefaultRetrier.attempt(DefaultRetrier.java:81)
	at com.basho.riak.client.cap.DefaultRetrier.attempt(DefaultRetrier.java:81)
	at com.basho.riak.client.cap.DefaultRetrier.attempt(DefaultRetrier.java:53)
	at com.basho.riak.client.bucket.WriteBucket.execute(WriteBucket.java:104)
	at se.fkarbing.riak.client.RiakRepository.store(RiakRepository.java:107)
	at se.fkarbing.spring.mvc.core.controller.XSimpleMvcController.handleCreate(XSimpleMvcController.java:27)
	at se.fkarbing.spring.mvc.web.controller.MyModelController.create(MyModelController.java:55)
	at se.fkarbing.spring.mvc.web.controller.MyModelControllerTest.before(MyModelControllerTest.java:43)
	at sun.reflect.NativeMethodAccessorImpl.invoke0(Native Method)
	at sun.reflect.NativeMethodAccessorImpl.invoke(NativeMethodAccessorImpl.java:57)
	at sun.reflect.DelegatingMethodAccessorImpl.invoke(DelegatingMethodAccessorImpl.java:43)
	at java.lang.reflect.Method.invoke(Method.java:601)
	at org.junit.runners.model.FrameworkMethod$1.runReflectiveCall(FrameworkMethod.java:45)
	at org.junit.internal.runners.model.ReflectiveCallable.run(ReflectiveCallable.java:15)
	at org.junit.runners.model.FrameworkMethod.invokeExplosively(FrameworkMethod.java:42)
	at org.junit.internal.runners.statements.RunBefores.evaluate(RunBefores.java:27)
	at org.springframework.test.context.junit4.statements.RunBeforeTestMethodCallbacks.evaluate(RunBeforeTestMethodCallbacks.java:74)
	at org.springframework.test.context.junit4.statements.RunAfterTestMethodCallbacks.evaluate(RunAfterTestMethodCallbacks.java:83)
	at org.springframework.test.context.junit4.statements.SpringRepeat.evaluate(SpringRepeat.java:72)
	at org.springframework.test.context.junit4.SpringJUnit4ClassRunner.runChild(SpringJUnit4ClassRunner.java:231)
	at org.springframework.test.context.junit4.SpringJUnit4ClassRunner.runChild(SpringJUnit4ClassRunner.java:88)
	at org.junit.runners.ParentRunner$3.run(ParentRunner.java:231)
	at org.junit.runners.ParentRunner$1.schedule(ParentRunner.java:60)
	at org.junit.runners.ParentRunner.runChildren(ParentRunner.java:229)
	at org.junit.runners.ParentRunner.access$000(ParentRunner.java:50)
	at org.junit.runners.ParentRunner$2.evaluate(ParentRunner.java:222)
	at org.springframework.test.context.junit4.statements.RunBeforeTestClassCallbacks.evaluate(RunBeforeTestClassCallbacks.java:61)
	at org.springframework.test.context.junit4.statements.RunAfterTestClassCallbacks.evaluate(RunAfterTestClassCallbacks.java:71)
	at org.junit.runners.ParentRunner.run(ParentRunner.java:300)
	at org.springframework.test.context.junit4.SpringJUnit4ClassRunner.run(SpringJUnit4ClassRunner.java:174)
	at org.apache.maven.surefire.junit4.JUnit4TestSet.execute(JUnit4TestSet.java:53)
	at org.apache.maven.surefire.junit4.JUnit4Provider.executeTestSet(JUnit4Provider.java:123)
	at org.apache.maven.surefire.junit4.JUnit4Provider.invoke(JUnit4Provider.java:104)
	at sun.reflect.NativeMethodAccessorImpl.invoke0(Native Method)
	at sun.reflect.NativeMethodAccessorImpl.invoke(NativeMethodAccessorImpl.java:57)
	at sun.reflect.DelegatingMethodAccessorImpl.invoke(DelegatingMethodAccessorImpl.java:43)
	at java.lang.reflect.Method.invoke(Method.java:601)
	at org.apache.maven.surefire.util.ReflectionUtils.invokeMethodWithArray(ReflectionUtils.java:164)
	at org.apache.maven.surefire.booter.ProviderFactory$ProviderProxy.invoke(ProviderFactory.java:110)
	at org.apache.maven.surefire.booter.SurefireStarter.invokeProvider(SurefireStarter.java:175)
	at org.apache.maven.surefire.booter.SurefireStarter.runSuitesInProcessWhenForked(SurefireStarter.java:107)
	at org.apache.maven.surefire.booter.ForkedBooter.main(ForkedBooter.java:68)
Caused by: java.net.ConnectException: Connection refused
	at java.net.PlainSocketImpl.socketConnect(Native Method)
	at java.net.AbstractPlainSocketImpl.doConnect(AbstractPlainSocketImpl.java:339)
	at java.net.AbstractPlainSocketImpl.connectToAddress(AbstractPlainSocketImpl.java:200)
	at java.net.AbstractPlainSocketImpl.connect(AbstractPlainSocketImpl.java:182)
	at java.net.SocksSocketImpl.connect(SocksSocketImpl.java:391)
	at java.net.Socket.connect(Socket.java:579)
	at com.basho.riak.pbc.RiakConnection.&lt;init&gt;(RiakConnection.java:68)
	at com.basho.riak.pbc.RiakConnection.&lt;init&gt;(RiakConnection.java:51)
	at com.basho.riak.pbc.RiakConnectionPool.createConnection(RiakConnectionPool.java:392)
	at com.basho.riak.pbc.RiakConnectionPool.getConnection(RiakConnectionPool.java:376)
	at com.basho.riak.pbc.RiakConnectionPool.doGetConection(RiakConnectionPool.java:328)
	at com.basho.riak.pbc.RiakConnectionPool.access$400(RiakConnectionPool.java:41)
	at com.basho.riak.pbc.RiakConnectionPool$State$2.getConnection(RiakConnectionPool.java:71)
	at com.basho.riak.pbc.RiakConnectionPool.getConnection(RiakConnectionPool.java:324)
	at com.basho.riak.pbc.RiakClient.getConnection(RiakClient.java:101)
	at com.basho.riak.pbc.RiakClient.setBucketProperties(RiakClient.java:545)
	at com.basho.riak.client.raw.pbc.PBClientAdapter.updateBucket(PBClientAdapter.java:267)
	at com.basho.riak.client.bucket.WriteBucket$1.call(WriteBucket.java:106)
	at com.basho.riak.client.bucket.WriteBucket$1.call(WriteBucket.java:104)
	at com.basho.riak.client.cap.DefaultRetrier.attempt(DefaultRetrier.java:72)
	... 43 more
</system-err>
  </testcase>
  <testcase time="0.033" classname="se.fkarbing.spring.mvc.web.controller.MyModelControllerTest" name="testRemove">
    <error type="java.lang.NullPointerException">java.lang.NullPointerException
	at se.fkarbing.spring.mvc.core.controller.XSimpleMvcController.handleCreate(XSimpleMvcController.java:28)
	at se.fkarbing.spring.mvc.web.controller.MyModelController.create(MyModelController.java:55)
	at se.fkarbing.spring.mvc.web.controller.MyModelControllerTest.before(MyModelControllerTest.java:43)
	at sun.reflect.NativeMethodAccessorImpl.invoke0(Native Method)
	at sun.reflect.NativeMethodAccessorImpl.invoke(NativeMethodAccessorImpl.java:57)
	at sun.reflect.DelegatingMethodAccessorImpl.invoke(DelegatingMethodAccessorImpl.java:43)
	at java.lang.reflect.Method.invoke(Method.java:601)
	at org.junit.runners.model.FrameworkMethod$1.runReflectiveCall(FrameworkMethod.java:45)
	at org.junit.internal.runners.model.ReflectiveCallable.run(ReflectiveCallable.java:15)
	at org.junit.runners.model.FrameworkMethod.invokeExplosively(FrameworkMethod.java:42)
	at org.junit.internal.runners.statements.RunBefores.evaluate(RunBefores.java:27)
	at org.springframework.test.context.junit4.statements.RunBeforeTestMethodCallbacks.evaluate(RunBeforeTestMethodCallbacks.java:74)
	at org.springframework.test.context.junit4.statements.RunAfterTestMethodCallbacks.evaluate(RunAfterTestMethodCallbacks.java:83)
	at org.springframework.test.context.junit4.statements.SpringRepeat.evaluate(SpringRepeat.java:72)
	at org.springframework.test.context.junit4.SpringJUnit4ClassRunner.runChild(SpringJUnit4ClassRunner.java:231)
	at org.springframework.test.context.junit4.SpringJUnit4ClassRunner.runChild(SpringJUnit4ClassRunner.java:88)
	at org.junit.runners.ParentRunner$3.run(ParentRunner.java:231)
	at org.junit.runners.ParentRunner$1.schedule(ParentRunner.java:60)
	at org.junit.runners.ParentRunner.runChildren(ParentRunner.java:229)
	at org.junit.runners.ParentRunner.access$000(ParentRunner.java:50)
	at org.junit.runners.ParentRunner$2.evaluate(ParentRunner.java:222)
	at org.springframework.test.context.junit4.statements.RunBeforeTestClassCallbacks.evaluate(RunBeforeTestClassCallbacks.java:61)
	at org.springframework.test.context.junit4.statements.RunAfterTestClassCallbacks.evaluate(RunAfterTestClassCallbacks.java:71)
	at org.junit.runners.ParentRunner.run(ParentRunner.java:300)
	at org.springframework.test.context.junit4.SpringJUnit4ClassRunner.run(SpringJUnit4ClassRunner.java:174)
	at org.apache.maven.surefire.junit4.JUnit4TestSet.execute(JUnit4TestSet.java:53)
	at org.apache.maven.surefire.junit4.JUnit4Provider.executeTestSet(JUnit4Provider.java:123)
	at org.apache.maven.surefire.junit4.JUnit4Provider.invoke(JUnit4Provider.java:104)
	at sun.reflect.NativeMethodAccessorImpl.invoke0(Native Method)
	at sun.reflect.NativeMethodAccessorImpl.invoke(NativeMethodAccessorImpl.java:57)
	at sun.reflect.DelegatingMethodAccessorImpl.invoke(DelegatingMethodAccessorImpl.java:43)
	at java.lang.reflect.Method.invoke(Method.java:601)
	at org.apache.maven.surefire.util.ReflectionUtils.invokeMethodWithArray(ReflectionUtils.java:164)
	at org.apache.maven.surefire.booter.ProviderFactory$ProviderProxy.invoke(ProviderFactory.java:110)
	at org.apache.maven.surefire.booter.SurefireStarter.invokeProvider(SurefireStarter.java:175)
	at org.apache.maven.surefire.booter.SurefireStarter.runSuitesInProcessWhenForked(SurefireStarter.java:107)
	at org.apache.maven.surefire.booter.ForkedBooter.main(ForkedBooter.java:68)
</error>
    <system-out>INFO : org.springframework.context.support.GenericApplicationContext - Refreshing org.springframework.context.support.GenericApplicationContext@1f10d4bf: startup date [Thu Dec 06 15:47:52 CET 2012]; root of context hierarchy
INFO : org.springframework.beans.factory.annotation.AutowiredAnnotationBeanPostProcessor - JSR-330 &apos;javax.inject.Inject&apos; annotation found and supported for autowiring
INFO : org.springframework.beans.factory.support.DefaultListableBeanFactory - Pre-instantiating singletons in org.springframework.beans.factory.support.DefaultListableBeanFactory@5acba6d8: defining beans [org.springframework.context.annotation.internalConfigurationAnnotationProcessor,org.springframework.context.annotation.internalAutowiredAnnotationProcessor,org.springframework.context.annotation.internalRequiredAnnotationProcessor,org.springframework.context.annotation.internalCommonAnnotationProcessor,myModelContextWebConfig,org.springframework.context.annotation.ConfigurationClassPostProcessor.importAwareProcessor,myModelController,consultantSkillRepository,companyRepository,locationRepository,consultantRepository,myModelRepository,riakPbcClient,idManager,riakIdManager]; root of factory hierarchy
INFO : se.fkarbing.riak.client.RiakRepository - &lt;&lt;&lt; RiakRepository()
INFO : se.fkarbing.spring.mvc.web.MyModelContextWebConfig$$EnhancerByCGLIB$$a3de7bba - ### AppContextCommonConfig: riakPbcClient...
INFO : se.fkarbing.spring.mvc.web.MyModelContextWebConfig$$EnhancerByCGLIB$$a3de7bba - ### AppContextCommonConfig: riakIdManager...
INFO : se.fkarbing.riak.client.RiakRepository - &lt;&lt;&lt; RiakRepository()
INFO : se.fkarbing.riak.client.RiakRepository - &lt;&lt;&lt; RiakRepository()
INFO : se.fkarbing.riak.client.RiakRepository - &lt;&lt;&lt; RiakRepository()
INFO : se.fkarbing.riak.client.RiakRepository - &lt;&lt;&lt; RiakRepository()
INFO : se.fkarbing.spring.mvc.web.MyModelContextWebConfig$$EnhancerByCGLIB$$a3de7bba - ### AppContextCommonConfig: idManager...
INFO : se.fkarbing.spring.mvc.web.controller.MyModelController - &gt;&gt;&gt; create()... model: se.fkarbing.spring.mvc.common.model.MyModel@7cb3d4ad[name=Fredrik Karbing,key=&lt;null&gt;,id=&lt;null&gt;]
INFO : se.fkarbing.spring.mvc.web.controller.MyModelController - req url: http://localhost:80/mymodels
&gt;&gt;&gt; RiakModelIdManager...
DEBUG: se.fkarbing.spring.mvc.core.repository.RiakModelIdManager - Model ID injected: se.fkarbing.spring.mvc.common.model.MyModel@7cb3d4ad[name=Fredrik Karbing,key=7225aef1-87ea-43f5-826a-facc8b896684,id=7225aef1-87ea-43f5-826a-facc8b896684]
INFO : org.springframework.context.support.GenericApplicationContext - Closing org.springframework.context.support.GenericApplicationContext@1f10d4bf: startup date [Thu Dec 06 15:47:52 CET 2012]; root of context hierarchy
INFO : org.springframework.beans.factory.support.DefaultListableBeanFactory - Destroying singletons in org.springframework.beans.factory.support.DefaultListableBeanFactory@5acba6d8: defining beans [org.springframework.context.annotation.internalConfigurationAnnotationProcessor,org.springframework.context.annotation.internalAutowiredAnnotationProcessor,org.springframework.context.annotation.internalRequiredAnnotationProcessor,org.springframework.context.annotation.internalCommonAnnotationProcessor,myModelContextWebConfig,org.springframework.context.annotation.ConfigurationClassPostProcessor.importAwareProcessor,myModelController,consultantSkillRepository,companyRepository,locationRepository,consultantRepository,myModelRepository,riakPbcClient,idManager,riakIdManager]; root of factory hierarchy
</system-out>
    <system-err>com.basho.riak.client.RiakRetryFailedException: java.net.ConnectException: Connection refused
	at com.basho.riak.client.cap.DefaultRetrier.attempt(DefaultRetrier.java:79)
	at com.basho.riak.client.cap.DefaultRetrier.attempt(DefaultRetrier.java:81)
	at com.basho.riak.client.cap.DefaultRetrier.attempt(DefaultRetrier.java:81)
	at com.basho.riak.client.cap.DefaultRetrier.attempt(DefaultRetrier.java:81)
	at com.basho.riak.client.cap.DefaultRetrier.attempt(DefaultRetrier.java:53)
	at com.basho.riak.client.bucket.WriteBucket.execute(WriteBucket.java:104)
	at se.fkarbing.riak.client.RiakRepository.store(RiakRepository.java:107)
	at se.fkarbing.spring.mvc.core.controller.XSimpleMvcController.handleCreate(XSimpleMvcController.java:27)
	at se.fkarbing.spring.mvc.web.controller.MyModelController.create(MyModelController.java:55)
	at se.fkarbing.spring.mvc.web.controller.MyModelControllerTest.before(MyModelControllerTest.java:43)
	at sun.reflect.NativeMethodAccessorImpl.invoke0(Native Method)
	at sun.reflect.NativeMethodAccessorImpl.invoke(NativeMethodAccessorImpl.java:57)
	at sun.reflect.DelegatingMethodAccessorImpl.invoke(DelegatingMethodAccessorImpl.java:43)
	at java.lang.reflect.Method.invoke(Method.java:601)
	at org.junit.runners.model.FrameworkMethod$1.runReflectiveCall(FrameworkMethod.java:45)
	at org.junit.internal.runners.model.ReflectiveCallable.run(ReflectiveCallable.java:15)
	at org.junit.runners.model.FrameworkMethod.invokeExplosively(FrameworkMethod.java:42)
	at org.junit.internal.runners.statements.RunBefores.evaluate(RunBefores.java:27)
	at org.springframework.test.context.junit4.statements.RunBeforeTestMethodCallbacks.evaluate(RunBeforeTestMethodCallbacks.java:74)
	at org.springframework.test.context.junit4.statements.RunAfterTestMethodCallbacks.evaluate(RunAfterTestMethodCallbacks.java:83)
	at org.springframework.test.context.junit4.statements.SpringRepeat.evaluate(SpringRepeat.java:72)
	at org.springframework.test.context.junit4.SpringJUnit4ClassRunner.runChild(SpringJUnit4ClassRunner.java:231)
	at org.springframework.test.context.junit4.SpringJUnit4ClassRunner.runChild(SpringJUnit4ClassRunner.java:88)
	at org.junit.runners.ParentRunner$3.run(ParentRunner.java:231)
	at org.junit.runners.ParentRunner$1.schedule(ParentRunner.java:60)
	at org.junit.runners.ParentRunner.runChildren(ParentRunner.java:229)
	at org.junit.runners.ParentRunner.access$000(ParentRunner.java:50)
	at org.junit.runners.ParentRunner$2.evaluate(ParentRunner.java:222)
	at org.springframework.test.context.junit4.statements.RunBeforeTestClassCallbacks.evaluate(RunBeforeTestClassCallbacks.java:61)
	at org.springframework.test.context.junit4.statements.RunAfterTestClassCallbacks.evaluate(RunAfterTestClassCallbacks.java:71)
	at org.junit.runners.ParentRunner.run(ParentRunner.java:300)
	at org.springframework.test.context.junit4.SpringJUnit4ClassRunner.run(SpringJUnit4ClassRunner.java:174)
	at org.apache.maven.surefire.junit4.JUnit4TestSet.execute(JUnit4TestSet.java:53)
	at org.apache.maven.surefire.junit4.JUnit4Provider.executeTestSet(JUnit4Provider.java:123)
	at org.apache.maven.surefire.junit4.JUnit4Provider.invoke(JUnit4Provider.java:104)
	at sun.reflect.NativeMethodAccessorImpl.invoke0(Native Method)
	at sun.reflect.NativeMethodAccessorImpl.invoke(NativeMethodAccessorImpl.java:57)
	at sun.reflect.DelegatingMethodAccessorImpl.invoke(DelegatingMethodAccessorImpl.java:43)
	at java.lang.reflect.Method.invoke(Method.java:601)
	at org.apache.maven.surefire.util.ReflectionUtils.invokeMethodWithArray(ReflectionUtils.java:164)
	at org.apache.maven.surefire.booter.ProviderFactory$ProviderProxy.invoke(ProviderFactory.java:110)
	at org.apache.maven.surefire.booter.SurefireStarter.invokeProvider(SurefireStarter.java:175)
	at org.apache.maven.surefire.booter.SurefireStarter.runSuitesInProcessWhenForked(SurefireStarter.java:107)
	at org.apache.maven.surefire.booter.ForkedBooter.main(ForkedBooter.java:68)
Caused by: java.net.ConnectException: Connection refused
	at java.net.PlainSocketImpl.socketConnect(Native Method)
	at java.net.AbstractPlainSocketImpl.doConnect(AbstractPlainSocketImpl.java:339)
	at java.net.AbstractPlainSocketImpl.connectToAddress(AbstractPlainSocketImpl.java:200)
	at java.net.AbstractPlainSocketImpl.connect(AbstractPlainSocketImpl.java:182)
	at java.net.SocksSocketImpl.connect(SocksSocketImpl.java:391)
	at java.net.Socket.connect(Socket.java:579)
	at com.basho.riak.pbc.RiakConnection.&lt;init&gt;(RiakConnection.java:68)
	at com.basho.riak.pbc.RiakConnection.&lt;init&gt;(RiakConnection.java:51)
	at com.basho.riak.pbc.RiakConnectionPool.createConnection(RiakConnectionPool.java:392)
	at com.basho.riak.pbc.RiakConnectionPool.getConnection(RiakConnectionPool.java:376)
	at com.basho.riak.pbc.RiakConnectionPool.doGetConection(RiakConnectionPool.java:328)
	at com.basho.riak.pbc.RiakConnectionPool.access$400(RiakConnectionPool.java:41)
	at com.basho.riak.pbc.RiakConnectionPool$State$2.getConnection(RiakConnectionPool.java:71)
	at com.basho.riak.pbc.RiakConnectionPool.getConnection(RiakConnectionPool.java:324)
	at com.basho.riak.pbc.RiakClient.getConnection(RiakClient.java:101)
	at com.basho.riak.pbc.RiakClient.setBucketProperties(RiakClient.java:545)
	at com.basho.riak.client.raw.pbc.PBClientAdapter.updateBucket(PBClientAdapter.java:267)
	at com.basho.riak.client.bucket.WriteBucket$1.call(WriteBucket.java:106)
	at com.basho.riak.client.bucket.WriteBucket$1.call(WriteBucket.java:104)
	at com.basho.riak.client.cap.DefaultRetrier.attempt(DefaultRetrier.java:72)
	... 43 more
</system-err>
  </testcase>
  <testcase time="0.035" classname="se.fkarbing.spring.mvc.web.controller.MyModelControllerTest" name="testRemoveAll">
    <error type="java.lang.NullPointerException">java.lang.NullPointerException
	at se.fkarbing.spring.mvc.core.controller.XSimpleMvcController.handleCreate(XSimpleMvcController.java:28)
	at se.fkarbing.spring.mvc.web.controller.MyModelController.create(MyModelController.java:55)
	at se.fkarbing.spring.mvc.web.controller.MyModelControllerTest.before(MyModelControllerTest.java:43)
	at sun.reflect.NativeMethodAccessorImpl.invoke0(Native Method)
	at sun.reflect.NativeMethodAccessorImpl.invoke(NativeMethodAccessorImpl.java:57)
	at sun.reflect.DelegatingMethodAccessorImpl.invoke(DelegatingMethodAccessorImpl.java:43)
	at java.lang.reflect.Method.invoke(Method.java:601)
	at org.junit.runners.model.FrameworkMethod$1.runReflectiveCall(FrameworkMethod.java:45)
	at org.junit.internal.runners.model.ReflectiveCallable.run(ReflectiveCallable.java:15)
	at org.junit.runners.model.FrameworkMethod.invokeExplosively(FrameworkMethod.java:42)
	at org.junit.internal.runners.statements.RunBefores.evaluate(RunBefores.java:27)
	at org.springframework.test.context.junit4.statements.RunBeforeTestMethodCallbacks.evaluate(RunBeforeTestMethodCallbacks.java:74)
	at org.springframework.test.context.junit4.statements.RunAfterTestMethodCallbacks.evaluate(RunAfterTestMethodCallbacks.java:83)
	at org.springframework.test.context.junit4.statements.SpringRepeat.evaluate(SpringRepeat.java:72)
	at org.springframework.test.context.junit4.SpringJUnit4ClassRunner.runChild(SpringJUnit4ClassRunner.java:231)
	at org.springframework.test.context.junit4.SpringJUnit4ClassRunner.runChild(SpringJUnit4ClassRunner.java:88)
	at org.junit.runners.ParentRunner$3.run(ParentRunner.java:231)
	at org.junit.runners.ParentRunner$1.schedule(ParentRunner.java:60)
	at org.junit.runners.ParentRunner.runChildren(ParentRunner.java:229)
	at org.junit.runners.ParentRunner.access$000(ParentRunner.java:50)
	at org.junit.runners.ParentRunner$2.evaluate(ParentRunner.java:222)
	at org.springframework.test.context.junit4.statements.RunBeforeTestClassCallbacks.evaluate(RunBeforeTestClassCallbacks.java:61)
	at org.springframework.test.context.junit4.statements.RunAfterTestClassCallbacks.evaluate(RunAfterTestClassCallbacks.java:71)
	at org.junit.runners.ParentRunner.run(ParentRunner.java:300)
	at org.springframework.test.context.junit4.SpringJUnit4ClassRunner.run(SpringJUnit4ClassRunner.java:174)
	at org.apache.maven.surefire.junit4.JUnit4TestSet.execute(JUnit4TestSet.java:53)
	at org.apache.maven.surefire.junit4.JUnit4Provider.executeTestSet(JUnit4Provider.java:123)
	at org.apache.maven.surefire.junit4.JUnit4Provider.invoke(JUnit4Provider.java:104)
	at sun.reflect.NativeMethodAccessorImpl.invoke0(Native Method)
	at sun.reflect.NativeMethodAccessorImpl.invoke(NativeMethodAccessorImpl.java:57)
	at sun.reflect.DelegatingMethodAccessorImpl.invoke(DelegatingMethodAccessorImpl.java:43)
	at java.lang.reflect.Method.invoke(Method.java:601)
	at org.apache.maven.surefire.util.ReflectionUtils.invokeMethodWithArray(ReflectionUtils.java:164)
	at org.apache.maven.surefire.booter.ProviderFactory$ProviderProxy.invoke(ProviderFactory.java:110)
	at org.apache.maven.surefire.booter.SurefireStarter.invokeProvider(SurefireStarter.java:175)
	at org.apache.maven.surefire.booter.SurefireStarter.runSuitesInProcessWhenForked(SurefireStarter.java:107)
	at org.apache.maven.surefire.booter.ForkedBooter.main(ForkedBooter.java:68)
</error>
    <system-out>INFO : org.springframework.context.support.GenericApplicationContext - Refreshing org.springframework.context.support.GenericApplicationContext@2cfbdee5: startup date [Thu Dec 06 15:47:52 CET 2012]; root of context hierarchy
INFO : org.springframework.beans.factory.annotation.AutowiredAnnotationBeanPostProcessor - JSR-330 &apos;javax.inject.Inject&apos; annotation found and supported for autowiring
INFO : org.springframework.beans.factory.support.DefaultListableBeanFactory - Pre-instantiating singletons in org.springframework.beans.factory.support.DefaultListableBeanFactory@12f57d41: defining beans [org.springframework.context.annotation.internalConfigurationAnnotationProcessor,org.springframework.context.annotation.internalAutowiredAnnotationProcessor,org.springframework.context.annotation.internalRequiredAnnotationProcessor,org.springframework.context.annotation.internalCommonAnnotationProcessor,myModelContextWebConfig,org.springframework.context.annotation.ConfigurationClassPostProcessor.importAwareProcessor,myModelController,consultantSkillRepository,companyRepository,locationRepository,consultantRepository,myModelRepository,riakPbcClient,idManager,riakIdManager]; root of factory hierarchy
INFO : se.fkarbing.riak.client.RiakRepository - &lt;&lt;&lt; RiakRepository()
INFO : se.fkarbing.spring.mvc.web.MyModelContextWebConfig$$EnhancerByCGLIB$$a3de7bba - ### AppContextCommonConfig: riakPbcClient...
INFO : se.fkarbing.spring.mvc.web.MyModelContextWebConfig$$EnhancerByCGLIB$$a3de7bba - ### AppContextCommonConfig: riakIdManager...
INFO : se.fkarbing.riak.client.RiakRepository - &lt;&lt;&lt; RiakRepository()
INFO : se.fkarbing.riak.client.RiakRepository - &lt;&lt;&lt; RiakRepository()
INFO : se.fkarbing.riak.client.RiakRepository - &lt;&lt;&lt; RiakRepository()
INFO : se.fkarbing.riak.client.RiakRepository - &lt;&lt;&lt; RiakRepository()
INFO : se.fkarbing.spring.mvc.web.MyModelContextWebConfig$$EnhancerByCGLIB$$a3de7bba - ### AppContextCommonConfig: idManager...
INFO : se.fkarbing.spring.mvc.web.controller.MyModelController - &gt;&gt;&gt; create()... model: se.fkarbing.spring.mvc.common.model.MyModel@4642e349[name=Fredrik Karbing,key=&lt;null&gt;,id=&lt;null&gt;]
INFO : se.fkarbing.spring.mvc.web.controller.MyModelController - req url: http://localhost:80/mymodels
&gt;&gt;&gt; RiakModelIdManager...
DEBUG: se.fkarbing.spring.mvc.core.repository.RiakModelIdManager - Model ID injected: se.fkarbing.spring.mvc.common.model.MyModel@4642e349[name=Fredrik Karbing,key=a3ed990e-7359-4d64-818a-dab392d3cddb,id=a3ed990e-7359-4d64-818a-dab392d3cddb]
INFO : org.springframework.context.support.GenericApplicationContext - Closing org.springframework.context.support.GenericApplicationContext@2cfbdee5: startup date [Thu Dec 06 15:47:52 CET 2012]; root of context hierarchy
INFO : org.springframework.beans.factory.support.DefaultListableBeanFactory - Destroying singletons in org.springframework.beans.factory.support.DefaultListableBeanFactory@12f57d41: defining beans [org.springframework.context.annotation.internalConfigurationAnnotationProcessor,org.springframework.context.annotation.internalAutowiredAnnotationProcessor,org.springframework.context.annotation.internalRequiredAnnotationProcessor,org.springframework.context.annotation.internalCommonAnnotationProcessor,myModelContextWebConfig,org.springframework.context.annotation.ConfigurationClassPostProcessor.importAwareProcessor,myModelController,consultantSkillRepository,companyRepository,locationRepository,consultantRepository,myModelRepository,riakPbcClient,idManager,riakIdManager]; root of factory hierarchy
</system-out>
    <system-err>com.basho.riak.client.RiakRetryFailedException: java.net.ConnectException: Connection refused
	at com.basho.riak.client.cap.DefaultRetrier.attempt(DefaultRetrier.java:79)
	at com.basho.riak.client.cap.DefaultRetrier.attempt(DefaultRetrier.java:81)
	at com.basho.riak.client.cap.DefaultRetrier.attempt(DefaultRetrier.java:81)
	at com.basho.riak.client.cap.DefaultRetrier.attempt(DefaultRetrier.java:81)
	at com.basho.riak.client.cap.DefaultRetrier.attempt(DefaultRetrier.java:53)
	at com.basho.riak.client.bucket.WriteBucket.execute(WriteBucket.java:104)
	at se.fkarbing.riak.client.RiakRepository.store(RiakRepository.java:107)
	at se.fkarbing.spring.mvc.core.controller.XSimpleMvcController.handleCreate(XSimpleMvcController.java:27)
	at se.fkarbing.spring.mvc.web.controller.MyModelController.create(MyModelController.java:55)
	at se.fkarbing.spring.mvc.web.controller.MyModelControllerTest.before(MyModelControllerTest.java:43)
	at sun.reflect.NativeMethodAccessorImpl.invoke0(Native Method)
	at sun.reflect.NativeMethodAccessorImpl.invoke(NativeMethodAccessorImpl.java:57)
	at sun.reflect.DelegatingMethodAccessorImpl.invoke(DelegatingMethodAccessorImpl.java:43)
	at java.lang.reflect.Method.invoke(Method.java:601)
	at org.junit.runners.model.FrameworkMethod$1.runReflectiveCall(FrameworkMethod.java:45)
	at org.junit.internal.runners.model.ReflectiveCallable.run(ReflectiveCallable.java:15)
	at org.junit.runners.model.FrameworkMethod.invokeExplosively(FrameworkMethod.java:42)
	at org.junit.internal.runners.statements.RunBefores.evaluate(RunBefores.java:27)
	at org.springframework.test.context.junit4.statements.RunBeforeTestMethodCallbacks.evaluate(RunBeforeTestMethodCallbacks.java:74)
	at org.springframework.test.context.junit4.statements.RunAfterTestMethodCallbacks.evaluate(RunAfterTestMethodCallbacks.java:83)
	at org.springframework.test.context.junit4.statements.SpringRepeat.evaluate(SpringRepeat.java:72)
	at org.springframework.test.context.junit4.SpringJUnit4ClassRunner.runChild(SpringJUnit4ClassRunner.java:231)
	at org.springframework.test.context.junit4.SpringJUnit4ClassRunner.runChild(SpringJUnit4ClassRunner.java:88)
	at org.junit.runners.ParentRunner$3.run(ParentRunner.java:231)
	at org.junit.runners.ParentRunner$1.schedule(ParentRunner.java:60)
	at org.junit.runners.ParentRunner.runChildren(ParentRunner.java:229)
	at org.junit.runners.ParentRunner.access$000(ParentRunner.java:50)
	at org.junit.runners.ParentRunner$2.evaluate(ParentRunner.java:222)
	at org.springframework.test.context.junit4.statements.RunBeforeTestClassCallbacks.evaluate(RunBeforeTestClassCallbacks.java:61)
	at org.springframework.test.context.junit4.statements.RunAfterTestClassCallbacks.evaluate(RunAfterTestClassCallbacks.java:71)
	at org.junit.runners.ParentRunner.run(ParentRunner.java:300)
	at org.springframework.test.context.junit4.SpringJUnit4ClassRunner.run(SpringJUnit4ClassRunner.java:174)
	at org.apache.maven.surefire.junit4.JUnit4TestSet.execute(JUnit4TestSet.java:53)
	at org.apache.maven.surefire.junit4.JUnit4Provider.executeTestSet(JUnit4Provider.java:123)
	at org.apache.maven.surefire.junit4.JUnit4Provider.invoke(JUnit4Provider.java:104)
	at sun.reflect.NativeMethodAccessorImpl.invoke0(Native Method)
	at sun.reflect.NativeMethodAccessorImpl.invoke(NativeMethodAccessorImpl.java:57)
	at sun.reflect.DelegatingMethodAccessorImpl.invoke(DelegatingMethodAccessorImpl.java:43)
	at java.lang.reflect.Method.invoke(Method.java:601)
	at org.apache.maven.surefire.util.ReflectionUtils.invokeMethodWithArray(ReflectionUtils.java:164)
	at org.apache.maven.surefire.booter.ProviderFactory$ProviderProxy.invoke(ProviderFactory.java:110)
	at org.apache.maven.surefire.booter.SurefireStarter.invokeProvider(SurefireStarter.java:175)
	at org.apache.maven.surefire.booter.SurefireStarter.runSuitesInProcessWhenForked(SurefireStarter.java:107)
	at org.apache.maven.surefire.booter.ForkedBooter.main(ForkedBooter.java:68)
Caused by: java.net.ConnectException: Connection refused
	at java.net.PlainSocketImpl.socketConnect(Native Method)
	at java.net.AbstractPlainSocketImpl.doConnect(AbstractPlainSocketImpl.java:339)
	at java.net.AbstractPlainSocketImpl.connectToAddress(AbstractPlainSocketImpl.java:200)
	at java.net.AbstractPlainSocketImpl.connect(AbstractPlainSocketImpl.java:182)
	at java.net.SocksSocketImpl.connect(SocksSocketImpl.java:391)
	at java.net.Socket.connect(Socket.java:579)
	at com.basho.riak.pbc.RiakConnection.&lt;init&gt;(RiakConnection.java:68)
	at com.basho.riak.pbc.RiakConnection.&lt;init&gt;(RiakConnection.java:51)
	at com.basho.riak.pbc.RiakConnectionPool.createConnection(RiakConnectionPool.java:392)
	at com.basho.riak.pbc.RiakConnectionPool.getConnection(RiakConnectionPool.java:376)
	at com.basho.riak.pbc.RiakConnectionPool.doGetConection(RiakConnectionPool.java:328)
	at com.basho.riak.pbc.RiakConnectionPool.access$400(RiakConnectionPool.java:41)
	at com.basho.riak.pbc.RiakConnectionPool$State$2.getConnection(RiakConnectionPool.java:71)
	at com.basho.riak.pbc.RiakConnectionPool.getConnection(RiakConnectionPool.java:324)
	at com.basho.riak.pbc.RiakClient.getConnection(RiakClient.java:101)
	at com.basho.riak.pbc.RiakClient.setBucketProperties(RiakClient.java:545)
	at com.basho.riak.client.raw.pbc.PBClientAdapter.updateBucket(PBClientAdapter.java:267)
	at com.basho.riak.client.bucket.WriteBucket$1.call(WriteBucket.java:106)
	at com.basho.riak.client.bucket.WriteBucket$1.call(WriteBucket.java:104)
	at com.basho.riak.client.cap.DefaultRetrier.attempt(DefaultRetrier.java:72)
	... 43 more
</system-err>
  </testcase>
  <testcase time="0.02" classname="se.fkarbing.spring.mvc.web.controller.MyModelControllerTest" name="testCreate">
    <error type="java.lang.NullPointerException">java.lang.NullPointerException
	at se.fkarbing.spring.mvc.core.controller.XSimpleMvcController.handleCreate(XSimpleMvcController.java:28)
	at se.fkarbing.spring.mvc.web.controller.MyModelController.create(MyModelController.java:55)
	at se.fkarbing.spring.mvc.web.controller.MyModelControllerTest.before(MyModelControllerTest.java:43)
	at sun.reflect.NativeMethodAccessorImpl.invoke0(Native Method)
	at sun.reflect.NativeMethodAccessorImpl.invoke(NativeMethodAccessorImpl.java:57)
	at sun.reflect.DelegatingMethodAccessorImpl.invoke(DelegatingMethodAccessorImpl.java:43)
	at java.lang.reflect.Method.invoke(Method.java:601)
	at org.junit.runners.model.FrameworkMethod$1.runReflectiveCall(FrameworkMethod.java:45)
	at org.junit.internal.runners.model.ReflectiveCallable.run(ReflectiveCallable.java:15)
	at org.junit.runners.model.FrameworkMethod.invokeExplosively(FrameworkMethod.java:42)
	at org.junit.internal.runners.statements.RunBefores.evaluate(RunBefores.java:27)
	at org.springframework.test.context.junit4.statements.RunBeforeTestMethodCallbacks.evaluate(RunBeforeTestMethodCallbacks.java:74)
	at org.springframework.test.context.junit4.statements.RunAfterTestMethodCallbacks.evaluate(RunAfterTestMethodCallbacks.java:83)
	at org.springframework.test.context.junit4.statements.SpringRepeat.evaluate(SpringRepeat.java:72)
	at org.springframework.test.context.junit4.SpringJUnit4ClassRunner.runChild(SpringJUnit4ClassRunner.java:231)
	at org.springframework.test.context.junit4.SpringJUnit4ClassRunner.runChild(SpringJUnit4ClassRunner.java:88)
	at org.junit.runners.ParentRunner$3.run(ParentRunner.java:231)
	at org.junit.runners.ParentRunner$1.schedule(ParentRunner.java:60)
	at org.junit.runners.ParentRunner.runChildren(ParentRunner.java:229)
	at org.junit.runners.ParentRunner.access$000(ParentRunner.java:50)
	at org.junit.runners.ParentRunner$2.evaluate(ParentRunner.java:222)
	at org.springframework.test.context.junit4.statements.RunBeforeTestClassCallbacks.evaluate(RunBeforeTestClassCallbacks.java:61)
	at org.springframework.test.context.junit4.statements.RunAfterTestClassCallbacks.evaluate(RunAfterTestClassCallbacks.java:71)
	at org.junit.runners.ParentRunner.run(ParentRunner.java:300)
	at org.springframework.test.context.junit4.SpringJUnit4ClassRunner.run(SpringJUnit4ClassRunner.java:174)
	at org.apache.maven.surefire.junit4.JUnit4TestSet.execute(JUnit4TestSet.java:53)
	at org.apache.maven.surefire.junit4.JUnit4Provider.executeTestSet(JUnit4Provider.java:123)
	at org.apache.maven.surefire.junit4.JUnit4Provider.invoke(JUnit4Provider.java:104)
	at sun.reflect.NativeMethodAccessorImpl.invoke0(Native Method)
	at sun.reflect.NativeMethodAccessorImpl.invoke(NativeMethodAccessorImpl.java:57)
	at sun.reflect.DelegatingMethodAccessorImpl.invoke(DelegatingMethodAccessorImpl.java:43)
	at java.lang.reflect.Method.invoke(Method.java:601)
	at org.apache.maven.surefire.util.ReflectionUtils.invokeMethodWithArray(ReflectionUtils.java:164)
	at org.apache.maven.surefire.booter.ProviderFactory$ProviderProxy.invoke(ProviderFactory.java:110)
	at org.apache.maven.surefire.booter.SurefireStarter.invokeProvider(SurefireStarter.java:175)
	at org.apache.maven.surefire.booter.SurefireStarter.runSuitesInProcessWhenForked(SurefireStarter.java:107)
	at org.apache.maven.surefire.booter.ForkedBooter.main(ForkedBooter.java:68)
</error>
    <system-out>INFO : org.springframework.context.support.GenericApplicationContext - Refreshing org.springframework.context.support.GenericApplicationContext@8d86d27: startup date [Thu Dec 06 15:47:52 CET 2012]; root of context hierarchy
INFO : org.springframework.beans.factory.annotation.AutowiredAnnotationBeanPostProcessor - JSR-330 &apos;javax.inject.Inject&apos; annotation found and supported for autowiring
INFO : org.springframework.beans.factory.support.DefaultListableBeanFactory - Pre-instantiating singletons in org.springframework.beans.factory.support.DefaultListableBeanFactory@c3d7345: defining beans [org.springframework.context.annotation.internalConfigurationAnnotationProcessor,org.springframework.context.annotation.internalAutowiredAnnotationProcessor,org.springframework.context.annotation.internalRequiredAnnotationProcessor,org.springframework.context.annotation.internalCommonAnnotationProcessor,myModelContextWebConfig,org.springframework.context.annotation.ConfigurationClassPostProcessor.importAwareProcessor,myModelController,consultantSkillRepository,companyRepository,locationRepository,consultantRepository,myModelRepository,riakPbcClient,idManager,riakIdManager]; root of factory hierarchy
INFO : se.fkarbing.riak.client.RiakRepository - &lt;&lt;&lt; RiakRepository()
INFO : se.fkarbing.spring.mvc.web.MyModelContextWebConfig$$EnhancerByCGLIB$$a3de7bba - ### AppContextCommonConfig: riakPbcClient...
INFO : se.fkarbing.spring.mvc.web.MyModelContextWebConfig$$EnhancerByCGLIB$$a3de7bba - ### AppContextCommonConfig: riakIdManager...
INFO : se.fkarbing.riak.client.RiakRepository - &lt;&lt;&lt; RiakRepository()
INFO : se.fkarbing.riak.client.RiakRepository - &lt;&lt;&lt; RiakRepository()
INFO : se.fkarbing.riak.client.RiakRepository - &lt;&lt;&lt; RiakRepository()
INFO : se.fkarbing.riak.client.RiakRepository - &lt;&lt;&lt; RiakRepository()
INFO : se.fkarbing.spring.mvc.web.MyModelContextWebConfig$$EnhancerByCGLIB$$a3de7bba - ### AppContextCommonConfig: idManager...
INFO : se.fkarbing.spring.mvc.web.controller.MyModelController - &gt;&gt;&gt; create()... model: se.fkarbing.spring.mvc.common.model.MyModel@e6a8609[name=Fredrik Karbing,key=&lt;null&gt;,id=&lt;null&gt;]
INFO : se.fkarbing.spring.mvc.web.controller.MyModelController - req url: http://localhost:80/mymodels
&gt;&gt;&gt; RiakModelIdManager...
DEBUG: se.fkarbing.spring.mvc.core.repository.RiakModelIdManager - Model ID injected: se.fkarbing.spring.mvc.common.model.MyModel@e6a8609[name=Fredrik Karbing,key=6d357825-ed34-498c-964f-6e1e9b3602e1,id=6d357825-ed34-498c-964f-6e1e9b3602e1]
INFO : org.springframework.context.support.GenericApplicationContext - Closing org.springframework.context.support.GenericApplicationContext@8d86d27: startup date [Thu Dec 06 15:47:52 CET 2012]; root of context hierarchy
INFO : org.springframework.beans.factory.support.DefaultListableBeanFactory - Destroying singletons in org.springframework.beans.factory.support.DefaultListableBeanFactory@c3d7345: defining beans [org.springframework.context.annotation.internalConfigurationAnnotationProcessor,org.springframework.context.annotation.internalAutowiredAnnotationProcessor,org.springframework.context.annotation.internalRequiredAnnotationProcessor,org.springframework.context.annotation.internalCommonAnnotationProcessor,myModelContextWebConfig,org.springframework.context.annotation.ConfigurationClassPostProcessor.importAwareProcessor,myModelController,consultantSkillRepository,companyRepository,locationRepository,consultantRepository,myModelRepository,riakPbcClient,idManager,riakIdManager]; root of factory hierarchy
</system-out>
    <system-err>com.basho.riak.client.RiakRetryFailedException: java.net.ConnectException: Connection refused
	at com.basho.riak.client.cap.DefaultRetrier.attempt(DefaultRetrier.java:79)
	at com.basho.riak.client.cap.DefaultRetrier.attempt(DefaultRetrier.java:81)
	at com.basho.riak.client.cap.DefaultRetrier.attempt(DefaultRetrier.java:81)
	at com.basho.riak.client.cap.DefaultRetrier.attempt(DefaultRetrier.java:81)
	at com.basho.riak.client.cap.DefaultRetrier.attempt(DefaultRetrier.java:53)
	at com.basho.riak.client.bucket.WriteBucket.execute(WriteBucket.java:104)
	at se.fkarbing.riak.client.RiakRepository.store(RiakRepository.java:107)
	at se.fkarbing.spring.mvc.core.controller.XSimpleMvcController.handleCreate(XSimpleMvcController.java:27)
	at se.fkarbing.spring.mvc.web.controller.MyModelController.create(MyModelController.java:55)
	at se.fkarbing.spring.mvc.web.controller.MyModelControllerTest.before(MyModelControllerTest.java:43)
	at sun.reflect.NativeMethodAccessorImpl.invoke0(Native Method)
	at sun.reflect.NativeMethodAccessorImpl.invoke(NativeMethodAccessorImpl.java:57)
	at sun.reflect.DelegatingMethodAccessorImpl.invoke(DelegatingMethodAccessorImpl.java:43)
	at java.lang.reflect.Method.invoke(Method.java:601)
	at org.junit.runners.model.FrameworkMethod$1.runReflectiveCall(FrameworkMethod.java:45)
	at org.junit.internal.runners.model.ReflectiveCallable.run(ReflectiveCallable.java:15)
	at org.junit.runners.model.FrameworkMethod.invokeExplosively(FrameworkMethod.java:42)
	at org.junit.internal.runners.statements.RunBefores.evaluate(RunBefores.java:27)
	at org.springframework.test.context.junit4.statements.RunBeforeTestMethodCallbacks.evaluate(RunBeforeTestMethodCallbacks.java:74)
	at org.springframework.test.context.junit4.statements.RunAfterTestMethodCallbacks.evaluate(RunAfterTestMethodCallbacks.java:83)
	at org.springframework.test.context.junit4.statements.SpringRepeat.evaluate(SpringRepeat.java:72)
	at org.springframework.test.context.junit4.SpringJUnit4ClassRunner.runChild(SpringJUnit4ClassRunner.java:231)
	at org.springframework.test.context.junit4.SpringJUnit4ClassRunner.runChild(SpringJUnit4ClassRunner.java:88)
	at org.junit.runners.ParentRunner$3.run(ParentRunner.java:231)
	at org.junit.runners.ParentRunner$1.schedule(ParentRunner.java:60)
	at org.junit.runners.ParentRunner.runChildren(ParentRunner.java:229)
	at org.junit.runners.ParentRunner.access$000(ParentRunner.java:50)
	at org.junit.runners.ParentRunner$2.evaluate(ParentRunner.java:222)
	at org.springframework.test.context.junit4.statements.RunBeforeTestClassCallbacks.evaluate(RunBeforeTestClassCallbacks.java:61)
	at org.springframework.test.context.junit4.statements.RunAfterTestClassCallbacks.evaluate(RunAfterTestClassCallbacks.java:71)
	at org.junit.runners.ParentRunner.run(ParentRunner.java:300)
	at org.springframework.test.context.junit4.SpringJUnit4ClassRunner.run(SpringJUnit4ClassRunner.java:174)
	at org.apache.maven.surefire.junit4.JUnit4TestSet.execute(JUnit4TestSet.java:53)
	at org.apache.maven.surefire.junit4.JUnit4Provider.executeTestSet(JUnit4Provider.java:123)
	at org.apache.maven.surefire.junit4.JUnit4Provider.invoke(JUnit4Provider.java:104)
	at sun.reflect.NativeMethodAccessorImpl.invoke0(Native Method)
	at sun.reflect.NativeMethodAccessorImpl.invoke(NativeMethodAccessorImpl.java:57)
	at sun.reflect.DelegatingMethodAccessorImpl.invoke(DelegatingMethodAccessorImpl.java:43)
	at java.lang.reflect.Method.invoke(Method.java:601)
	at org.apache.maven.surefire.util.ReflectionUtils.invokeMethodWithArray(ReflectionUtils.java:164)
	at org.apache.maven.surefire.booter.ProviderFactory$ProviderProxy.invoke(ProviderFactory.java:110)
	at org.apache.maven.surefire.booter.SurefireStarter.invokeProvider(SurefireStarter.java:175)
	at org.apache.maven.surefire.booter.SurefireStarter.runSuitesInProcessWhenForked(SurefireStarter.java:107)
	at org.apache.maven.surefire.booter.ForkedBooter.main(ForkedBooter.java:68)
Caused by: java.net.ConnectException: Connection refused
	at java.net.PlainSocketImpl.socketConnect(Native Method)
	at java.net.AbstractPlainSocketImpl.doConnect(AbstractPlainSocketImpl.java:339)
	at java.net.AbstractPlainSocketImpl.connectToAddress(AbstractPlainSocketImpl.java:200)
	at java.net.AbstractPlainSocketImpl.connect(AbstractPlainSocketImpl.java:182)
	at java.net.SocksSocketImpl.connect(SocksSocketImpl.java:391)
	at java.net.Socket.connect(Socket.java:579)
	at com.basho.riak.pbc.RiakConnection.&lt;init&gt;(RiakConnection.java:68)
	at com.basho.riak.pbc.RiakConnection.&lt;init&gt;(RiakConnection.java:51)
	at com.basho.riak.pbc.RiakConnectionPool.createConnection(RiakConnectionPool.java:392)
	at com.basho.riak.pbc.RiakConnectionPool.getConnection(RiakConnectionPool.java:376)
	at com.basho.riak.pbc.RiakConnectionPool.doGetConection(RiakConnectionPool.java:328)
	at com.basho.riak.pbc.RiakConnectionPool.access$400(RiakConnectionPool.java:41)
	at com.basho.riak.pbc.RiakConnectionPool$State$2.getConnection(RiakConnectionPool.java:71)
	at com.basho.riak.pbc.RiakConnectionPool.getConnection(RiakConnectionPool.java:324)
	at com.basho.riak.pbc.RiakClient.getConnection(RiakClient.java:101)
	at com.basho.riak.pbc.RiakClient.setBucketProperties(RiakClient.java:545)
	at com.basho.riak.client.raw.pbc.PBClientAdapter.updateBucket(PBClientAdapter.java:267)
	at com.basho.riak.client.bucket.WriteBucket$1.call(WriteBucket.java:106)
	at com.basho.riak.client.bucket.WriteBucket$1.call(WriteBucket.java:104)
	at com.basho.riak.client.cap.DefaultRetrier.attempt(DefaultRetrier.java:72)
	... 43 more
</system-err>
  </testcase>
  <testcase time="0.02" classname="se.fkarbing.spring.mvc.web.controller.MyModelControllerTest" name="testSetUp">
    <error type="java.lang.NullPointerException">java.lang.NullPointerException
	at se.fkarbing.spring.mvc.core.controller.XSimpleMvcController.handleCreate(XSimpleMvcController.java:28)
	at se.fkarbing.spring.mvc.web.controller.MyModelController.create(MyModelController.java:55)
	at se.fkarbing.spring.mvc.web.controller.MyModelControllerTest.before(MyModelControllerTest.java:43)
	at sun.reflect.NativeMethodAccessorImpl.invoke0(Native Method)
	at sun.reflect.NativeMethodAccessorImpl.invoke(NativeMethodAccessorImpl.java:57)
	at sun.reflect.DelegatingMethodAccessorImpl.invoke(DelegatingMethodAccessorImpl.java:43)
	at java.lang.reflect.Method.invoke(Method.java:601)
	at org.junit.runners.model.FrameworkMethod$1.runReflectiveCall(FrameworkMethod.java:45)
	at org.junit.internal.runners.model.ReflectiveCallable.run(ReflectiveCallable.java:15)
	at org.junit.runners.model.FrameworkMethod.invokeExplosively(FrameworkMethod.java:42)
	at org.junit.internal.runners.statements.RunBefores.evaluate(RunBefores.java:27)
	at org.springframework.test.context.junit4.statements.RunBeforeTestMethodCallbacks.evaluate(RunBeforeTestMethodCallbacks.java:74)
	at org.springframework.test.context.junit4.statements.RunAfterTestMethodCallbacks.evaluate(RunAfterTestMethodCallbacks.java:83)
	at org.springframework.test.context.junit4.statements.SpringRepeat.evaluate(SpringRepeat.java:72)
	at org.springframework.test.context.junit4.SpringJUnit4ClassRunner.runChild(SpringJUnit4ClassRunner.java:231)
	at org.springframework.test.context.junit4.SpringJUnit4ClassRunner.runChild(SpringJUnit4ClassRunner.java:88)
	at org.junit.runners.ParentRunner$3.run(ParentRunner.java:231)
	at org.junit.runners.ParentRunner$1.schedule(ParentRunner.java:60)
	at org.junit.runners.ParentRunner.runChildren(ParentRunner.java:229)
	at org.junit.runners.ParentRunner.access$000(ParentRunner.java:50)
	at org.junit.runners.ParentRunner$2.evaluate(ParentRunner.java:222)
	at org.springframework.test.context.junit4.statements.RunBeforeTestClassCallbacks.evaluate(RunBeforeTestClassCallbacks.java:61)
	at org.springframework.test.context.junit4.statements.RunAfterTestClassCallbacks.evaluate(RunAfterTestClassCallbacks.java:71)
	at org.junit.runners.ParentRunner.run(ParentRunner.java:300)
	at org.springframework.test.context.junit4.SpringJUnit4ClassRunner.run(SpringJUnit4ClassRunner.java:174)
	at org.apache.maven.surefire.junit4.JUnit4TestSet.execute(JUnit4TestSet.java:53)
	at org.apache.maven.surefire.junit4.JUnit4Provider.executeTestSet(JUnit4Provider.java:123)
	at org.apache.maven.surefire.junit4.JUnit4Provider.invoke(JUnit4Provider.java:104)
	at sun.reflect.NativeMethodAccessorImpl.invoke0(Native Method)
	at sun.reflect.NativeMethodAccessorImpl.invoke(NativeMethodAccessorImpl.java:57)
	at sun.reflect.DelegatingMethodAccessorImpl.invoke(DelegatingMethodAccessorImpl.java:43)
	at java.lang.reflect.Method.invoke(Method.java:601)
	at org.apache.maven.surefire.util.ReflectionUtils.invokeMethodWithArray(ReflectionUtils.java:164)
	at org.apache.maven.surefire.booter.ProviderFactory$ProviderProxy.invoke(ProviderFactory.java:110)
	at org.apache.maven.surefire.booter.SurefireStarter.invokeProvider(SurefireStarter.java:175)
	at org.apache.maven.surefire.booter.SurefireStarter.runSuitesInProcessWhenForked(SurefireStarter.java:107)
	at org.apache.maven.surefire.booter.ForkedBooter.main(ForkedBooter.java:68)
</error>
    <system-out>INFO : org.springframework.context.support.GenericApplicationContext - Refreshing org.springframework.context.support.GenericApplicationContext@30bc1236: startup date [Thu Dec 06 15:47:52 CET 2012]; root of context hierarchy
INFO : org.springframework.beans.factory.annotation.AutowiredAnnotationBeanPostProcessor - JSR-330 &apos;javax.inject.Inject&apos; annotation found and supported for autowiring
INFO : org.springframework.beans.factory.support.DefaultListableBeanFactory - Pre-instantiating singletons in org.springframework.beans.factory.support.DefaultListableBeanFactory@1cba73fc: defining beans [org.springframework.context.annotation.internalConfigurationAnnotationProcessor,org.springframework.context.annotation.internalAutowiredAnnotationProcessor,org.springframework.context.annotation.internalRequiredAnnotationProcessor,org.springframework.context.annotation.internalCommonAnnotationProcessor,myModelContextWebConfig,org.springframework.context.annotation.ConfigurationClassPostProcessor.importAwareProcessor,myModelController,consultantSkillRepository,companyRepository,locationRepository,consultantRepository,myModelRepository,riakPbcClient,idManager,riakIdManager]; root of factory hierarchy
INFO : se.fkarbing.riak.client.RiakRepository - &lt;&lt;&lt; RiakRepository()
INFO : se.fkarbing.spring.mvc.web.MyModelContextWebConfig$$EnhancerByCGLIB$$a3de7bba - ### AppContextCommonConfig: riakPbcClient...
INFO : se.fkarbing.spring.mvc.web.MyModelContextWebConfig$$EnhancerByCGLIB$$a3de7bba - ### AppContextCommonConfig: riakIdManager...
INFO : se.fkarbing.riak.client.RiakRepository - &lt;&lt;&lt; RiakRepository()
INFO : se.fkarbing.riak.client.RiakRepository - &lt;&lt;&lt; RiakRepository()
INFO : se.fkarbing.riak.client.RiakRepository - &lt;&lt;&lt; RiakRepository()
INFO : se.fkarbing.riak.client.RiakRepository - &lt;&lt;&lt; RiakRepository()
INFO : se.fkarbing.spring.mvc.web.MyModelContextWebConfig$$EnhancerByCGLIB$$a3de7bba - ### AppContextCommonConfig: idManager...
INFO : se.fkarbing.spring.mvc.web.controller.MyModelController - &gt;&gt;&gt; create()... model: se.fkarbing.spring.mvc.common.model.MyModel@3ce8ea8a[name=Fredrik Karbing,key=&lt;null&gt;,id=&lt;null&gt;]
INFO : se.fkarbing.spring.mvc.web.controller.MyModelController - req url: http://localhost:80/mymodels
&gt;&gt;&gt; RiakModelIdManager...
DEBUG: se.fkarbing.spring.mvc.core.repository.RiakModelIdManager - Model ID injected: se.fkarbing.spring.mvc.common.model.MyModel@3ce8ea8a[name=Fredrik Karbing,key=364ac8ce-8c1e-4a1b-b3e7-294f9ba83e14,id=364ac8ce-8c1e-4a1b-b3e7-294f9ba83e14]
INFO : org.springframework.context.support.GenericApplicationContext - Closing org.springframework.context.support.GenericApplicationContext@30bc1236: startup date [Thu Dec 06 15:47:52 CET 2012]; root of context hierarchy
INFO : org.springframework.beans.factory.support.DefaultListableBeanFactory - Destroying singletons in org.springframework.beans.factory.support.DefaultListableBeanFactory@1cba73fc: defining beans [org.springframework.context.annotation.internalConfigurationAnnotationProcessor,org.springframework.context.annotation.internalAutowiredAnnotationProcessor,org.springframework.context.annotation.internalRequiredAnnotationProcessor,org.springframework.context.annotation.internalCommonAnnotationProcessor,myModelContextWebConfig,org.springframework.context.annotation.ConfigurationClassPostProcessor.importAwareProcessor,myModelController,consultantSkillRepository,companyRepository,locationRepository,consultantRepository,myModelRepository,riakPbcClient,idManager,riakIdManager]; root of factory hierarchy
</system-out>
    <system-err>com.basho.riak.client.RiakRetryFailedException: java.net.ConnectException: Connection refused
	at com.basho.riak.client.cap.DefaultRetrier.attempt(DefaultRetrier.java:79)
	at com.basho.riak.client.cap.DefaultRetrier.attempt(DefaultRetrier.java:81)
	at com.basho.riak.client.cap.DefaultRetrier.attempt(DefaultRetrier.java:81)
	at com.basho.riak.client.cap.DefaultRetrier.attempt(DefaultRetrier.java:81)
	at com.basho.riak.client.cap.DefaultRetrier.attempt(DefaultRetrier.java:53)
	at com.basho.riak.client.bucket.WriteBucket.execute(WriteBucket.java:104)
	at se.fkarbing.riak.client.RiakRepository.store(RiakRepository.java:107)
	at se.fkarbing.spring.mvc.core.controller.XSimpleMvcController.handleCreate(XSimpleMvcController.java:27)
	at se.fkarbing.spring.mvc.web.controller.MyModelController.create(MyModelController.java:55)
	at se.fkarbing.spring.mvc.web.controller.MyModelControllerTest.before(MyModelControllerTest.java:43)
	at sun.reflect.NativeMethodAccessorImpl.invoke0(Native Method)
	at sun.reflect.NativeMethodAccessorImpl.invoke(NativeMethodAccessorImpl.java:57)
	at sun.reflect.DelegatingMethodAccessorImpl.invoke(DelegatingMethodAccessorImpl.java:43)
	at java.lang.reflect.Method.invoke(Method.java:601)
	at org.junit.runners.model.FrameworkMethod$1.runReflectiveCall(FrameworkMethod.java:45)
	at org.junit.internal.runners.model.ReflectiveCallable.run(ReflectiveCallable.java:15)
	at org.junit.runners.model.FrameworkMethod.invokeExplosively(FrameworkMethod.java:42)
	at org.junit.internal.runners.statements.RunBefores.evaluate(RunBefores.java:27)
	at org.springframework.test.context.junit4.statements.RunBeforeTestMethodCallbacks.evaluate(RunBeforeTestMethodCallbacks.java:74)
	at org.springframework.test.context.junit4.statements.RunAfterTestMethodCallbacks.evaluate(RunAfterTestMethodCallbacks.java:83)
	at org.springframework.test.context.junit4.statements.SpringRepeat.evaluate(SpringRepeat.java:72)
	at org.springframework.test.context.junit4.SpringJUnit4ClassRunner.runChild(SpringJUnit4ClassRunner.java:231)
	at org.springframework.test.context.junit4.SpringJUnit4ClassRunner.runChild(SpringJUnit4ClassRunner.java:88)
	at org.junit.runners.ParentRunner$3.run(ParentRunner.java:231)
	at org.junit.runners.ParentRunner$1.schedule(ParentRunner.java:60)
	at org.junit.runners.ParentRunner.runChildren(ParentRunner.java:229)
	at org.junit.runners.ParentRunner.access$000(ParentRunner.java:50)
	at org.junit.runners.ParentRunner$2.evaluate(ParentRunner.java:222)
	at org.springframework.test.context.junit4.statements.RunBeforeTestClassCallbacks.evaluate(RunBeforeTestClassCallbacks.java:61)
	at org.springframework.test.context.junit4.statements.RunAfterTestClassCallbacks.evaluate(RunAfterTestClassCallbacks.java:71)
	at org.junit.runners.ParentRunner.run(ParentRunner.java:300)
	at org.springframework.test.context.junit4.SpringJUnit4ClassRunner.run(SpringJUnit4ClassRunner.java:174)
	at org.apache.maven.surefire.junit4.JUnit4TestSet.execute(JUnit4TestSet.java:53)
	at org.apache.maven.surefire.junit4.JUnit4Provider.executeTestSet(JUnit4Provider.java:123)
	at org.apache.maven.surefire.junit4.JUnit4Provider.invoke(JUnit4Provider.java:104)
	at sun.reflect.NativeMethodAccessorImpl.invoke0(Native Method)
	at sun.reflect.NativeMethodAccessorImpl.invoke(NativeMethodAccessorImpl.java:57)
	at sun.reflect.DelegatingMethodAccessorImpl.invoke(DelegatingMethodAccessorImpl.java:43)
	at java.lang.reflect.Method.invoke(Method.java:601)
	at org.apache.maven.surefire.util.ReflectionUtils.invokeMethodWithArray(ReflectionUtils.java:164)
	at org.apache.maven.surefire.booter.ProviderFactory$ProviderProxy.invoke(ProviderFactory.java:110)
	at org.apache.maven.surefire.booter.SurefireStarter.invokeProvider(SurefireStarter.java:175)
	at org.apache.maven.surefire.booter.SurefireStarter.runSuitesInProcessWhenForked(SurefireStarter.java:107)
	at org.apache.maven.surefire.booter.ForkedBooter.main(ForkedBooter.java:68)
Caused by: java.net.ConnectException: Connection refused
	at java.net.PlainSocketImpl.socketConnect(Native Method)
	at java.net.AbstractPlainSocketImpl.doConnect(AbstractPlainSocketImpl.java:339)
	at java.net.AbstractPlainSocketImpl.connectToAddress(AbstractPlainSocketImpl.java:200)
	at java.net.AbstractPlainSocketImpl.connect(AbstractPlainSocketImpl.java:182)
	at java.net.SocksSocketImpl.connect(SocksSocketImpl.java:391)
	at java.net.Socket.connect(Socket.java:579)
	at com.basho.riak.pbc.RiakConnection.&lt;init&gt;(RiakConnection.java:68)
	at com.basho.riak.pbc.RiakConnection.&lt;init&gt;(RiakConnection.java:51)
	at com.basho.riak.pbc.RiakConnectionPool.createConnection(RiakConnectionPool.java:392)
	at com.basho.riak.pbc.RiakConnectionPool.getConnection(RiakConnectionPool.java:376)
	at com.basho.riak.pbc.RiakConnectionPool.doGetConection(RiakConnectionPool.java:328)
	at com.basho.riak.pbc.RiakConnectionPool.access$400(RiakConnectionPool.java:41)
	at com.basho.riak.pbc.RiakConnectionPool$State$2.getConnection(RiakConnectionPool.java:71)
	at com.basho.riak.pbc.RiakConnectionPool.getConnection(RiakConnectionPool.java:324)
	at com.basho.riak.pbc.RiakClient.getConnection(RiakClient.java:101)
	at com.basho.riak.pbc.RiakClient.setBucketProperties(RiakClient.java:545)
	at com.basho.riak.client.raw.pbc.PBClientAdapter.updateBucket(PBClientAdapter.java:267)
	at com.basho.riak.client.bucket.WriteBucket$1.call(WriteBucket.java:106)
	at com.basho.riak.client.bucket.WriteBucket$1.call(WriteBucket.java:104)
	at com.basho.riak.client.cap.DefaultRetrier.attempt(DefaultRetrier.java:72)
	... 43 more
</system-err>
  </testcase>
</testsuite>